2020-05-02 12:41:05 [INFO ] [Hooks] - [setUp] Scenario Started: verify the first case
2020-05-02 12:41:19 [INFO ] [Hooks] - [closeBrowser] Scenario Completed: verify the first case
2020-05-02 12:41:19 [INFO ] [Hooks] - [closeBrowser] Scenario Status is: failed
2020-05-02 12:46:17 [INFO ] [Hooks] - [setUp] Scenario Started: verify the first case
2020-05-02 12:47:28 [INFO ] [Hooks] - [setUp] Scenario Started: verify the first case
2020-05-02 12:49:07 [INFO ] [Hooks] - [setUp] Scenario Started: verify the first case
2020-05-02 12:50:00 [INFO ] [Hooks] - [setUp] Scenario Started: verify the first case
2020-05-02 13:12:37 [INFO ] [Hooks] - [setUp] Scenario Started: verify the first case
2020-05-02 13:16:05 [INFO ] [Hooks] - [setUp] Scenario Started: verify the first case
2020-05-02 13:18:55 [INFO ] [Hooks] - [setUp] Scenario Started: verify the first case
2020-05-02 13:23:26 [INFO ] [Hooks] - [setUp] Scenario Started: verify the first case
2020-05-02 13:36:17 [INFO ] [Hooks] - [setUp] Scenario Started: verify the first case
2020-05-02 13:37:40 [INFO ] [Hooks] - [setUp] Scenario Started: verify the first case
2020-05-02 14:13:18 [INFO ] [Hooks] - [setUp] Scenario Started: verify the first case
2020-05-02 14:13:18 [INFO ] [Hooks] - [takeScreenshot] Exception has Occured while taking screenshot
2020-05-02 14:16:07 [INFO ] [Hooks] - [setUp] Scenario Started: verify the first case
2020-05-02 14:16:07 [INFO ] [Hooks] - [takeScreenshot] Exception has Occured while taking screenshot
2020-05-02 14:18:12 [INFO ] [Hooks] - [setUp] Scenario Started: verify the first case
2020-05-02 14:18:28 [INFO ] [Hooks] - [takeScreenshot] Exception has Occured while taking screenshot
2020-05-02 14:45:12 [INFO ] [Hooks] - [setUp] Scenario Started: verify the first case
2020-05-02 14:45:26 [INFO ] [Hooks] - [takeScreenshot] Exception has Occured while taking screenshot
2020-05-02 14:46:13 [INFO ] [Hooks] - [setUp] Scenario Started: verify the first case
2020-05-02 14:46:43 [INFO ] [Hooks] - [takeScreenshot] Exception has Occured while taking screenshot
2020-05-02 14:47:00 [INFO ] [Hooks] - [setUp] Scenario Started: verify the first case
2020-05-02 14:47:11 [INFO ] [Hooks] - [takeScreenshot] Exception has Occured while taking screenshot
2020-05-02 14:48:53 [INFO ] [Hooks] - [setUp] Scenario Started: verify the first case
2020-05-02 14:49:05 [INFO ] [Hooks] - [takeScreenshot] Exception has Occured while taking screenshot
2020-05-02 14:54:06 [INFO ] [Hooks] - [setUp] Scenario Started: verify the first case
2020-05-02 14:54:20 [INFO ] [Hooks] - [takeScreenshot] Exception has Occured while taking screenshot
2020-05-02 14:54:54 [INFO ] [Hooks] - [setUp] Scenario Started: verify the first case
2020-05-02 14:55:08 [INFO ] [Hooks] - [takeScreenshot] Exception has Occured while taking screenshot
2020-05-02 14:55:44 [INFO ] [Hooks] - [setUp] Scenario Started: verify the first case
2020-05-02 14:55:55 [INFO ] [Hooks] - [takeScreenshot] Exception has Occured while taking screenshot
2020-05-02 15:23:32 [INFO ] [Hooks] - [setUp] Scenario Started: verify the first case
2020-05-02 15:23:45 [INFO ] [Hooks] - [takeScreenshot] Exception has Occured while taking screenshot
2020-05-02 15:33:25 [INFO ] [Hooks] - [setUp] Scenario Started: verify the first case
2020-05-02 15:33:40 [INFO ] [Hooks] - [takeScreenshot] Exception has Occured while taking screenshot
2020-05-02 15:37:20 [INFO ] [Hooks] - [setUp] Scenario Started: verify the first case
2020-05-02 15:38:01 [INFO ] [Hooks] - [setUp] Scenario Started: verify the first case
2020-05-02 15:40:29 [INFO ] [Hooks] - [setUp] Scenario Started: verify the first case
2020-05-02 15:42:55 [INFO ] [Hooks] - [setUp] Scenario Started: verify the first case
2020-05-02 15:43:08 [INFO ] [Hooks] - [takeScreenshot] Exception has Occured while taking screenshot
2020-05-02 18:07:24 [INFO ] [Hooks] - [setUp] Scenario Started: verify the first case
2020-05-02 18:07:24 [INFO ] [Hooks] - [takeScreenshot] Exception has Occured while taking screenshot
2020-05-02 18:08:11 [INFO ] [Hooks] - [setUp] Scenario Started: verify the first case
2020-05-02 18:08:12 [INFO ] [Hooks] - [takeScreenshot] Exception has Occured while taking screenshot
2020-05-02 18:08:39 [INFO ] [Hooks] - [setUp] Scenario Started: verify the first case
2020-05-02 18:08:40 [INFO ] [Hooks] - [takeScreenshot] Exception has Occured while taking screenshot
2020-05-02 18:09:09 [INFO ] [Hooks] - [setUp] Scenario Started: verify the first case
2020-05-02 18:09:09 [INFO ] [Hooks] - [takeScreenshot] Exception has Occured while taking screenshot
2020-05-02 18:09:51 [INFO ] [Hooks] - [setUp] Scenario Started: verify the first case
2020-05-02 18:09:51 [INFO ] [Hooks] - [takeScreenshot] Exception has Occured while taking screenshot
2020-05-02 18:12:19 [INFO ] [Hooks] - [setUp] Scenario Started: verify the first case
2020-05-02 18:13:11 [INFO ] [Hooks] - [setUp] Scenario Started: verify the first case
2020-05-02 18:13:11 [INFO ] [Hooks] - [takeScreenshot] Exception has Occured while taking screenshot
2020-05-02 18:13:49 [INFO ] [Hooks] - [setUp] Scenario Started: verify the first case
2020-05-02 18:13:49 [INFO ] [Hooks] - [takeScreenshot] Exception has Occured while taking screenshot
2020-05-02 18:14:02 [INFO ] [Hooks] - [setUp] Scenario Started: verify the first case
2020-05-02 18:14:44 [INFO ] [Hooks] - [setUp] Scenario Started: verify the first case
2020-05-02 18:15:44 [INFO ] [Hooks] - [setUp] Scenario Started: verify the first case
2020-05-02 18:16:31 [INFO ] [Hooks] - [setUp] Scenario Started: verify the first case
2020-05-02 18:17:41 [INFO ] [Hooks] - [setUp] Scenario Started: verify the first case
2020-05-02 18:21:47 [INFO ] [Hooks] - [setUp] Scenario Started: verify the first case
2020-05-02 18:27:29 [INFO ] [Hooks] - [setUp] Scenario Started: verify the first case
2020-05-02 18:29:48 [INFO ] [Hooks] - [setUp] Scenario Started: verify the first case
2020-05-02 18:31:30 [INFO ] [Hooks] - [setUp] Scenario Started: verify the first case
2020-05-02 18:32:32 [INFO ] [Hooks] - [setUp] Scenario Started: verify the first case
2020-05-02 18:33:23 [INFO ] [Hooks] - [setUp] Scenario Started: verify the first case
2020-05-02 18:39:32 [INFO ] [Hooks] - [setUp] Scenario Started: verify the first case
2020-05-02 18:43:05 [INFO ] [Hooks] - [setUp] Scenario Started: verify the first case
2020-05-02 18:44:07 [INFO ] [Hooks] - [setUp] Scenario Started: verify the first case
2020-05-02 18:45:40 [INFO ] [Hooks] - [setUp] Scenario Started: verify the first case
2020-05-02 18:46:43 [INFO ] [Hooks] - [setUp] Scenario Started: verify the first case
2020-05-02 18:49:58 [INFO ] [Hooks] - [setUp] Scenario Started: verify the first case
2020-05-02 18:51:50 [INFO ] [Hooks] - [setUp] Scenario Started: verify the first case
2020-05-02 21:52:07 [INFO ] [Hooks] - [setUp] Scenario Started: verify the first case
2020-05-02 22:18:00 [INFO ] [Hooks] - [setUp] Scenario Started: verify the first case
2020-05-02 22:19:47 [INFO ] [Hooks] - [setUp] Scenario Started: verify the first case
2020-05-02 22:31:18 [INFO ] [Hooks] - [setUp] Scenario Started: verify the first case
2020-05-05 16:06:33 [INFO ] [Hooks] - [setUp] Scenario Started: verify the first case
2020-05-05 16:07:14 [INFO ] [Hooks] - [setUp] Scenario Started: verify the first case
2020-05-05 16:08:55 [INFO ] [Hooks] - [setUp] Scenario Started: verify the first case
2020-05-05 16:17:02 [INFO ] [Hooks] - [setUp] Scenario Started: verify the first case
2020-05-05 16:17:33 [INFO ] [Hooks] - [setUp] Scenario Started: verify the first case
2020-05-05 16:19:41 [INFO ] [Hooks] - [setUp] Scenario Started: verify the first case
2020-05-05 16:20:12 [INFO ] [Hooks] - [setUp] Scenario Started: verify the first case
2020-05-05 16:21:53 [INFO ] [Hooks] - [setUp] Scenario Started: verify the first case
2020-05-05 16:23:44 [INFO ] [Hooks] - [setUp] Scenario Started: verify the first case
2020-05-05 16:26:08 [INFO ] [Hooks] - [setUp] Scenario Started: verify the first case
2020-05-05 16:26:56 [INFO ] [Hooks] - [setUp] Scenario Started: verify the first case
2020-05-05 16:30:51 [INFO ] [Hooks] - [setUp] Scenario Started: verify the first case
2020-05-05 16:31:14 [INFO ] [Hooks] - [setUp] Scenario Started: verify the first case
2020-05-05 16:31:53 [INFO ] [Hooks] - [setUp] Scenario Started: verify the first case
2020-05-05 16:32:36 [INFO ] [Hooks] - [setUp] Scenario Started: verify the first case
2020-05-05 16:33:43 [INFO ] [Hooks] - [setUp] Scenario Started: verify the first case
2020-05-05 16:34:28 [INFO ] [Hooks] - [setUp] Scenario Started: verify the first case
2020-05-05 16:35:01 [INFO ] [Hooks] - [setUp] Scenario Started: verify the first case
2020-05-05 16:37:23 [INFO ] [Hooks] - [setUp] Scenario Started: verify the first case
2020-05-05 16:56:43 [INFO ] [Hooks] - [setUp] Scenario Started: verify the first case
2020-05-07 08:42:43 [INFO ] [Hooks] - [setUp] Scenario Started: verify the first case
2020-05-07 08:43:44 [INFO ] [Hooks] - [setUp] Scenario Started: verify the first case
2020-05-07 08:45:51 [INFO ] [Hooks] - [setUp] Scenario Started: verify the first case
2020-05-07 08:52:55 [INFO ] [Hooks] - [setUp] Scenario Started: verify the first case
2020-05-07 09:08:13 [INFO ] [Hooks] - [setUp] Scenario Started: verify the first case
2020-05-07 09:11:48 [INFO ] [Hooks] - [setUp] Scenario Started: verify the first case
2020-05-07 09:21:11 [INFO ] [Hooks] - [setUp] Scenario Started: verify the first case
2020-05-07 11:12:53 [INFO ] [Hooks] - [setUp] Scenario Started: verify the first case
2020-05-14 18:03:05 [INFO ] [Hooks] - [setUp] Scenario Started: verify the first case
2020-05-14 18:07:06 [INFO ] [Hooks] - [setUp] Scenario Started: verify the first case
2020-05-14 18:09:42 [INFO ] [Hooks] - [setUp] Scenario Started: test
2020-05-14 18:15:30 [INFO ] [Hooks] - [setUp] Scenario Started: test
2020-05-14 18:42:32 [INFO ] [Hooks] - [setUp] Scenario Started: test
2020-05-14 18:44:24 [INFO ] [Hooks] - [setUp] Scenario Started: test
2020-05-14 18:45:56 [INFO ] [Hooks] - [setUp] Scenario Started: test
2020-05-14 18:47:26 [INFO ] [Hooks] - [setUp] Scenario Started: test
2020-05-14 18:49:07 [INFO ] [Hooks] - [setUp] Scenario Started: test
2020-05-14 18:50:43 [INFO ] [Hooks] - [setUp] Scenario Started: test
2020-05-15 17:28:46 [INFO ] [Hooks] - [setUp] Scenario Started: Verify that user able to login succesfully
2020-05-15 17:47:16 [INFO ] [Hooks] - [setUp] Scenario Started: Verify that user able to login succesfully
2020-05-15 17:51:57 [INFO ] [Hooks] - [setUp] Scenario Started: Verify that user able to login succesfully
2020-05-15 17:53:18 [INFO ] [Hooks] - [setUp] Scenario Started: Verify that user able to login succesfully
2020-05-15 17:53:59 [INFO ] [Hooks] - [setUp] Scenario Started: Verify that user able to login succesfully
2020-05-15 17:57:37 [INFO ] [Hooks] - [setUp] Scenario Started: Verify that user able to login succesfully
2020-05-15 18:03:20 [INFO ] [Hooks] - [setUp] Scenario Started: Verify that user able to login succesfully
2020-05-15 18:11:02 [INFO ] [Hooks] - [setUp] Scenario Started: Verify that user able to login succesfully
2020-05-15 18:23:11 [INFO ] [Hooks] - [setUp] Scenario Started: Verify that user able to login succesfully
2020-05-15 18:23:56 [INFO ] [Hooks] - [setUp] Scenario Started: Verify that user able to login succesfully
